<?xml version="1.0" encoding="UTF-8"?>
<testng-results ignored="0" total="1" passed="1" failed="0" skipped="0">
  <reporter-output>
  </reporter-output>
  <suite started-at="2022-04-18T12:29:20 BST" name="Default suite" finished-at="2022-04-18T12:29:30 BST" duration-ms="10223">
    <groups>
    </groups>
    <test started-at="2022-04-18T12:29:20 BST" name="Default test" finished-at="2022-04-18T12:29:30 BST" duration-ms="10223">
      <class name="Test1">
        <test-method signature="browser_check()[pri:0, instance:Test1@437da279]" started-at="2022-04-18T12:29:20 BST" name="browser_check" finished-at="2022-04-18T12:29:30 BST" duration-ms="10175" status="PASS">
          <reporter-output>
          </reporter-output>
        </test-method> <!-- browser_check -->
      </class> <!-- Test1 -->
    </test> <!-- Default test -->
  </suite> <!-- Default suite -->
</testng-results>
